<?xml version="1.0" encoding="UTF-8"?>
<!-- Generated by org.testng.reporters.JUnitReportReporter -->
<testsuite skipped="0" hostname="DESKTOP-968EIR9" name="Tests.Registration.RegistrationSuccessfullyTest" tests="1" failures="0" timestamp="2022-11-14T16:11:00 EET" time="5.873" errors="0">
  <testcase name="userCanRegisterSuccessfully" time="5.873" classname="Tests.Registration.RegistrationSuccessfullyTest"/>
  <system-out/>
</testsuite> <!-- Tests.Registration.RegistrationSuccessfullyTest -->
