<?xml version="1.0" encoding="UTF-8"?>
<!-- Generated by org.testng.reporters.JUnitReportReporter -->
<testsuite skipped="0" hostname="DESKTOP-968EIR9" name="Tests.Login.LoginWithInvalidEmailTest" tests="1" failures="0" timestamp="2022-10-04T23:38:53 EET" time="1.293" errors="0">
  <testcase name="userCanNotLoginWithInvalidEmail" time="1.293" classname="Tests.Login.LoginWithInvalidEmailTest"/>
  <system-out/>
</testsuite> <!-- Tests.Login.LoginWithInvalidEmailTest -->
