<?xml version="1.0" encoding="UTF-8"?>
<!-- Generated by org.testng.reporters.JUnitReportReporter -->
<testsuite skipped="0" hostname="DESKTOP-968EIR9" name="Tests.Registration.RegistrationWithExistedPhoneNumberTest" tests="1" failures="0" timestamp="2022-11-06T16:56:25 EET" time="3.915" errors="0">
  <testcase name="userCanRegisterSuccessfully" time="3.915" classname="Tests.Registration.RegistrationWithExistedPhoneNumberTest"/>
  <system-out/>
</testsuite> <!-- Tests.Registration.RegistrationWithExistedPhoneNumberTest -->
