<?xml version="1.0" encoding="UTF-8"?>
<!-- Generated by org.testng.reporters.JUnitReportReporter -->
<testsuite skipped="0" hostname="ADS171-AHQ" name="Tests.Login.LoginWithInvalidPassTest" tests="1" failures="0" timestamp="2022-10-13T17:35:53 EET" time="0.598" errors="0">
  <testcase name="userCanNotLoginWithInvalidEmail" time="0.598" classname="Tests.Login.LoginWithInvalidPassTest"/>
  <system-out/>
</testsuite> <!-- Tests.Login.LoginWithInvalidPassTest -->
