<?xml version="1.0" encoding="UTF-8"?>
<!-- Generated by org.testng.reporters.JUnitReportReporter -->
<testsuite skipped="0" hostname="DESKTOP-968EIR9" name="Tests.Login.LoginWithInvalidPassTest" tests="1" failures="0" timestamp="2022-10-02T16:37:42 EET" time="0.399" errors="0">
  <testcase name="userCanNotLoginWithInvalidEmail" time="0.399" classname="Tests.Login.LoginWithInvalidPassTest"/>
  <system-out/>
</testsuite> <!-- Tests.Login.LoginWithInvalidPassTest -->
