<?xml version="1.0" encoding="UTF-8"?>
<!-- Generated by org.testng.reporters.JUnitReportReporter -->
<testsuite skipped="0" hostname="DESKTOP-968EIR9" name="Tests.Login.LoginWithInvalidPassTest" tests="1" failures="0" timestamp="2022-09-26T22:58:07 EET" time="0.393" errors="0">
  <testcase name="userCanNotLoginWithInvalidEmail" time="0.393" classname="Tests.Login.LoginWithInvalidPassTest"/>
  <system-out/>
</testsuite> <!-- Tests.Login.LoginWithInvalidPassTest -->
