<?xml version="1.0" encoding="UTF-8"?>
<!-- Generated by org.testng.reporters.JUnitReportReporter -->
<testsuite skipped="0" hostname="DESKTOP-968EIR9" name="Tests.Registration.RegistrationWithExistedEmailTest" tests="1" failures="0" timestamp="2022-10-04T23:25:03 EET" time="5.721" errors="0">
  <testcase name="userCanRegisterSuccessfully" time="5.721" classname="Tests.Registration.RegistrationWithExistedEmailTest"/>
  <system-out/>
</testsuite> <!-- Tests.Registration.RegistrationWithExistedEmailTest -->
