<?xml version="1.0" encoding="UTF-8"?>
<!-- Generated by org.testng.reporters.JUnitReportReporter -->
<testsuite skipped="0" hostname="DESKTOP-968EIR9" name="Tests.Registration.RegistrationSuccessfullyTest" tests="1" failures="0" timestamp="2022-10-03T19:45:06 EET" time="2.685" errors="0">
  <testcase name="userCanRegisterSuccessfully" time="2.685" classname="Tests.Registration.RegistrationSuccessfullyTest"/>
  <system-out/>
</testsuite> <!-- Tests.Registration.RegistrationSuccessfullyTest -->
