<?xml version="1.0" encoding="UTF-8"?>
<!-- Generated by org.testng.reporters.JUnitReportReporter -->
<testsuite skipped="0" hostname="ADS171-AHQ" name="Tests.Login.LoginWithInvalidEmailTest" tests="1" failures="0" timestamp="2022-10-09T12:08:32 EET" time="0.840" errors="0">
  <testcase name="userCanNotLoginWithInvalidEmail" time="0.840" classname="Tests.Login.LoginWithInvalidEmailTest"/>
  <system-out/>
</testsuite> <!-- Tests.Login.LoginWithInvalidEmailTest -->
