<?xml version="1.0" encoding="UTF-8"?>
<!-- Generated by org.testng.reporters.JUnitReportReporter -->
<testsuite skipped="0" hostname="DESKTOP-968EIR9" name="Tests.Registration.RegistrationWithExistedEmailTest" tests="1" failures="0" timestamp="2022-10-02T11:09:05 EET" time="3.013" errors="0">
  <testcase name="userCanRegisterSuccessfully" time="3.013" classname="Tests.Registration.RegistrationWithExistedEmailTest"/>
  <system-out/>
</testsuite> <!-- Tests.Registration.RegistrationWithExistedEmailTest -->
