<?xml version="1.0" encoding="UTF-8"?>
<!-- Generated by org.testng.reporters.JUnitReportReporter -->
<testsuite skipped="0" hostname="ADS171-AHQ" name="Tests.Registration.RegistrationSuccessfullyTest" tests="1" failures="0" timestamp="2022-10-23T11:47:18 EET" time="2.818" errors="0">
  <testcase name="userCanRegisterSuccessfully" time="2.818" classname="Tests.Registration.RegistrationSuccessfullyTest"/>
  <system-out/>
</testsuite> <!-- Tests.Registration.RegistrationSuccessfullyTest -->
