<?xml version="1.0" encoding="UTF-8"?>
<!-- Generated by org.testng.reporters.JUnitReportReporter -->
<testsuite skipped="0" hostname="DESKTOP-968EIR9" name="Tests.Login.LoginWithInvalidEmailTest" tests="1" failures="0" timestamp="2022-11-06T16:56:25 EET" time="0.835" errors="0">
  <testcase name="userCanNotLoginWithInvalidEmail" time="0.835" classname="Tests.Login.LoginWithInvalidEmailTest"/>
  <system-out/>
</testsuite> <!-- Tests.Login.LoginWithInvalidEmailTest -->
