<?xml version="1.0" encoding="UTF-8"?>
<!-- Generated by org.testng.reporters.JUnitReportReporter -->
<testsuite skipped="0" hostname="DESKTOP-968EIR9" name="Tests.Registration.RegistrationWithExistedPhoneNumberTest" tests="1" failures="0" timestamp="2022-11-14T16:11:00 EET" time="5.131" errors="0">
  <testcase name="userCanNotRegisterWithExistedPhone" time="5.131" classname="Tests.Registration.RegistrationWithExistedPhoneNumberTest"/>
  <system-out/>
</testsuite> <!-- Tests.Registration.RegistrationWithExistedPhoneNumberTest -->
