<?xml version="1.0" encoding="UTF-8"?>
<!-- Generated by org.testng.reporters.JUnitReportReporter -->
<testsuite skipped="0" hostname="DESKTOP-968EIR9" name="Tests.Login.LoginWithInvalidPassTest" tests="1" failures="0" timestamp="2022-10-29T11:37:15 EET" time="2.360" errors="0">
  <testcase name="userCanNotLoginWithInvalidEmail" time="2.360" classname="Tests.Login.LoginWithInvalidPassTest"/>
  <system-out/>
</testsuite> <!-- Tests.Login.LoginWithInvalidPassTest -->
