<?xml version="1.0" encoding="UTF-8"?>
<!-- Generated by org.testng.reporters.JUnitReportReporter -->
<testsuite skipped="0" hostname="ADS171-AHQ" name="Tests.Login.LoginSuccessfullyTest" tests="1" failures="0" timestamp="2022-10-23T11:47:18 EET" time="0.158" errors="0">
  <testcase name="userCanLoginWithValidEmailAndPassword" time="0.158" classname="Tests.Login.LoginSuccessfullyTest"/>
  <system-out/>
</testsuite> <!-- Tests.Login.LoginSuccessfullyTest -->
