<?xml version="1.0" encoding="UTF-8"?>
<!-- Generated by org.testng.reporters.JUnitReportReporter -->
<testsuite skipped="0" hostname="DESKTOP-968EIR9" name="Tests.Login.LoginSuccessfullyTest" tests="1" failures="0" timestamp="2022-10-02T11:09:05 EET" time="0.122" errors="0">
  <testcase name="userCanLoginWithValidEmailAndPassword" time="0.122" classname="Tests.Login.LoginSuccessfullyTest"/>
  <system-out/>
</testsuite> <!-- Tests.Login.LoginSuccessfullyTest -->
