<?xml version="1.0" encoding="UTF-8"?>
<!-- Generated by org.testng.reporters.JUnitReportReporter -->
<testsuite skipped="0" hostname="ADS171-AHQ" name="Tests.Registration.RegistrationWithExistedPhoneNumberTest" tests="1" failures="0" timestamp="2022-10-23T11:47:18 EET" time="3.104" errors="0">
  <testcase name="userCanRegisterSuccessfully" time="3.104" classname="Tests.Registration.RegistrationWithExistedPhoneNumberTest"/>
  <system-out/>
</testsuite> <!-- Tests.Registration.RegistrationWithExistedPhoneNumberTest -->
